Arguments: 
  /usr/local/bin/node /usr/local/bin/yarn dev

PATH: 
  /usr/local/bin:/usr/bin:/bin:/usr/sbin:/sbin

Yarn version: 
  1.22.19

Node version: 
  16.16.0

Platform: 
  darwin x64

Trace: 
  SyntaxError: /Users/rsoarere/Documents/projects/Camaradas/back/package.json: Unexpected token } in JSON at position 166
      at JSON.parse (<anonymous>)
      at /usr/local/lib/node_modules/yarn/lib/cli.js:1629:59
      at Generator.next (<anonymous>)
      at step (/usr/local/lib/node_modules/yarn/lib/cli.js:310:30)
      at /usr/local/lib/node_modules/yarn/lib/cli.js:321:13

npm manifest: 
  {
    "name": "back",
    "version": "0.0.0",
    "private": true,
    "scripts": {
      "start": "node dist/app.js",
      "dev": "nodemon",
      "start:dev": "npx Znodemon",
    },
    "dependencies": {
      "@types/node": "^18.11.14",
      "@types/pg": "^8.6.5",
      "bcrypt": "^5.1.0",
      "cookie-parser": "~1.4.4",
      "debug": "~2.6.9",
      "express": "~4.16.1",
      "http-errors": "~1.6.3",
      "jade": "~1.11.0",
      "morgan": "~1.9.1",
      "nodemon": "^2.0.20",
      "pg": "^8.8.0",
      "ts-node": "^10.9.1",
      "typescript": "^4.9.4"
    },
    "devDependencies": {
      "@types/express": "^4.17.15"
    }
  }

yarn manifest: 
  No manifest

Lockfile: 
  # THIS IS AN AUTOGENERATED FILE. DO NOT EDIT THIS FILE DIRECTLY.
  # yarn lockfile v1
  
  
  "@cspotcode/source-map-support@^0.8.0":
    "integrity" "sha1-AGKcNaaI4FqIsc2mhPudXnPwAKE="
    "resolved" "https://ab-inbev.pkgs.visualstudio.com/GHQ_B2B_Delta/_packaging/admin-portal-shared-services/npm/registry/@cspotcode/source-map-support/-/source-map-support-0.8.1.tgz"
    "version" "0.8.1"
    dependencies:
      "@jridgewell/trace-mapping" "0.3.9"
  
  "@jridgewell/resolve-uri@^3.0.3":
    "integrity" "sha1-IgOxGMFXchrd/mnUe3BGVGMGbXg="
    "resolved" "https://ab-inbev.pkgs.visualstudio.com/GHQ_B2B_Delta/_packaging/admin-portal-shared-services/npm/registry/@jridgewell/resolve-uri/-/resolve-uri-3.1.0.tgz"
    "version" "3.1.0"
  
  "@jridgewell/sourcemap-codec@^1.4.10":
    "integrity" "sha1-rdTJjTQUcqKJGQtCTvvbCWmRuyQ="
    "resolved" "https://ab-inbev.pkgs.visualstudio.com/GHQ_B2B_Delta/_packaging/admin-portal-shared-services/npm/registry/@jridgewell/sourcemap-codec/-/sourcemap-codec-1.4.14.tgz"
    "version" "1.4.14"
  
  "@jridgewell/trace-mapping@0.3.9":
    "integrity" "sha1-ZTT9WTOlO6fL86F2FeJzoNEnP/k="
    "resolved" "https://ab-inbev.pkgs.visualstudio.com/GHQ_B2B_Delta/_packaging/admin-portal-shared-services/npm/registry/@jridgewell/trace-mapping/-/trace-mapping-0.3.9.tgz"
    "version" "0.3.9"
    dependencies:
      "@jridgewell/resolve-uri" "^3.0.3"
      "@jridgewell/sourcemap-codec" "^1.4.10"
  
  "@mapbox/node-pre-gyp@^1.0.10":
    "integrity" "sha1-jmc1zOu7FYHlp+ZSJEytyKhE0Dw="
    "resolved" "https://ab-inbev.pkgs.visualstudio.com/GHQ_B2B_Delta/_packaging/admin-portal-shared-services/npm/registry/@mapbox/node-pre-gyp/-/node-pre-gyp-1.0.10.tgz"
    "version" "1.0.10"
    dependencies:
      "detect-libc" "^2.0.0"
      "https-proxy-agent" "^5.0.0"
      "make-dir" "^3.1.0"
      "node-fetch" "^2.6.7"
      "nopt" "^5.0.0"
      "npmlog" "^5.0.1"
      "rimraf" "^3.0.2"
      "semver" "^7.3.5"
      "tar" "^6.1.11"
  
  "@tsconfig/node10@^1.0.7":
    "integrity" "sha1-30kH/AeohpImN7FeAtTOvEwAIbI="
    "resolved" "https://ab-inbev.pkgs.visualstudio.com/GHQ_B2B_Delta/_packaging/admin-portal-shared-services/npm/registry/@tsconfig/node10/-/node10-1.0.9.tgz"
    "version" "1.0.9"
  
  "@tsconfig/node12@^1.0.7":
    "integrity" "sha1-7j3vHyfZ7WbaxuRqKVz/sBUuBY0="
    "resolved" "https://ab-inbev.pkgs.visualstudio.com/GHQ_B2B_Delta/_packaging/admin-portal-shared-services/npm/registry/@tsconfig/node12/-/node12-1.0.11.tgz"
    "version" "1.0.11"
  
  "@tsconfig/node14@^1.0.0":
    "integrity" "sha1-5DhjFihPALmENb9A9y91oJ2r9sE="
    "resolved" "https://ab-inbev.pkgs.visualstudio.com/GHQ_B2B_Delta/_packaging/admin-portal-shared-services/npm/registry/@tsconfig/node14/-/node14-1.0.3.tgz"
    "version" "1.0.3"
  
  "@tsconfig/node16@^1.0.2":
    "integrity" "sha1-Ry6qtfFcH/3X+GKL1MT3U5lex54="
    "resolved" "https://ab-inbev.pkgs.visualstudio.com/GHQ_B2B_Delta/_packaging/admin-portal-shared-services/npm/registry/@tsconfig/node16/-/node16-1.0.3.tgz"
    "version" "1.0.3"
  
  "@types/body-parser@*":
    "integrity" "sha512-ALYone6pm6QmwZoAgeyNksccT9Q4AWZQ6PvfwR37GT6r6FWUPguq6sUmNGSMV2Wr761oQoBxwGGa6DR5o1DC9g=="
    "resolved" "https://registry.npmjs.org/@types/body-parser/-/body-parser-1.19.2.tgz"
    "version" "1.19.2"
    dependencies:
      "@types/connect" "*"
      "@types/node" "*"
  
  "@types/connect@*":
    "integrity" "sha512-cdeYyv4KWoEgpBISTxWvqYsVy444DOqehiF3fM3ne10AmJ62RSyNkUnxMJXHQWRQQX2eR94m5y1IZyDwBjV9FQ=="
    "resolved" "https://registry.npmjs.org/@types/connect/-/connect-3.4.35.tgz"
    "version" "3.4.35"
    dependencies:
      "@types/node" "*"
  
  "@types/express-serve-static-core@^4.17.31":
    "integrity" "sha512-DxMhY+NAsTwMMFHBTtJFNp5qiHKJ7TeqOo23zVEM9alT1Ml27Q3xcTH0xwxn7Q0BbMcVEJOs/7aQtUWupUQN3Q=="
    "resolved" "https://registry.npmjs.org/@types/express-serve-static-core/-/express-serve-static-core-4.17.31.tgz"
    "version" "4.17.31"
    dependencies:
      "@types/node" "*"
      "@types/qs" "*"
      "@types/range-parser" "*"
  
  "@types/express@^4.17.15":
    "integrity" "sha512-Yv0k4bXGOH+8a+7bELd2PqHQsuiANB+A8a4gnQrkRWzrkKlb6KHaVvyXhqs04sVW/OWlbPyYxRgYlIXLfrufMQ=="
    "resolved" "https://registry.npmjs.org/@types/express/-/express-4.17.15.tgz"
    "version" "4.17.15"
    dependencies:
      "@types/body-parser" "*"
      "@types/express-serve-static-core" "^4.17.31"
      "@types/qs" "*"
      "@types/serve-static" "*"
  
  "@types/mime@*":
    "integrity" "sha512-Y4XFY5VJAuw0FgAqPNd6NNoV44jbq9Bz2L7Rh/J6jLTiHBSBJa9fxqQIvkIld4GsoDOcCbvzOUAbLPsSKKg+uA=="
    "resolved" "https://registry.npmjs.org/@types/mime/-/mime-3.0.1.tgz"
    "version" "3.0.1"
  
  "@types/node@*", "@types/node@^18.11.14":
    "integrity" "sha1-qFcbJfOjHp3tFOOrlIhQmt74Mdg="
    "resolved" "https://ab-inbev.pkgs.visualstudio.com/GHQ_B2B_Delta/_packaging/admin-portal-shared-services/npm/registry/@types/node/-/node-18.11.14.tgz"
    "version" "18.11.14"
  
  "@types/pg@^8.6.5":
    "integrity" "sha512-tOkGtAqRVkHa/PVZicq67zuujI4Oorfglsr2IbKofDwBSysnaqSx7W1mDqFqdkGE6Fbgh+PZAl0r/BWON/mozw=="
    "resolved" "https://registry.npmjs.org/@types/pg/-/pg-8.6.5.tgz"
    "version" "8.6.5"
    dependencies:
      "@types/node" "*"
      "pg-protocol" "*"
      "pg-types" "^2.2.0"
  
  "@types/qs@*":
    "integrity" "sha512-FGa1F62FT09qcrueBA6qYTrJPVDzah9a+493+o2PCXsesWHIn27G98TsSMs3WPNbZIEj4+VJf6saSFpvD+3Zsw=="
    "resolved" "https://registry.npmjs.org/@types/qs/-/qs-6.9.7.tgz"
    "version" "6.9.7"
  
  "@types/range-parser@*":
    "integrity" "sha512-EEhsLsD6UsDM1yFhAvy0Cjr6VwmpMWqFBCb9w07wVugF7w9nfajxLuVmngTIpgS6svCnm6Vaw+MZhoDCKnOfsw=="
    "resolved" "https://registry.npmjs.org/@types/range-parser/-/range-parser-1.2.4.tgz"
    "version" "1.2.4"
  
  "@types/serve-static@*":
    "integrity" "sha512-z5xyF6uh8CbjAu9760KDKsH2FcDxZ2tFCsA4HIMWE6IkiYMXfVoa+4f9KX+FN0ZLsaMw1WNG2ETLA6N+/YA+cg=="
    "resolved" "https://registry.npmjs.org/@types/serve-static/-/serve-static-1.15.0.tgz"
    "version" "1.15.0"
    dependencies:
      "@types/mime" "*"
      "@types/node" "*"
  
  "abbrev@1":
    "integrity" "sha1-+PLIh60Qv2f2NPAFtph/7TF5qsg="
    "resolved" "https://ab-inbev.pkgs.visualstudio.com/GHQ_B2B_Delta/_packaging/admin-portal-shared-services/npm/registry/abbrev/-/abbrev-1.1.1.tgz"
    "version" "1.1.1"
  
  "accepts@~1.3.5":
    "integrity" "sha1-C/C+EltnAUrcsLCSHmLbe//hay4="
    "resolved" "https://ab-inbev.pkgs.visualstudio.com/GHQ_B2B_Delta/_packaging/admin-portal-shared-services/npm/registry/accepts/-/accepts-1.3.8.tgz"
    "version" "1.3.8"
    dependencies:
      "mime-types" "~2.1.34"
      "negotiator" "0.6.3"
  
  "acorn-globals@^1.0.3":
    "integrity" "sha1-VbtemGkVB7dFedBRNBMhfDgMVM8="
    "resolved" "https://ab-inbev.pkgs.visualstudio.com/GHQ_B2B_Delta/_packaging/admin-portal-shared-services/npm/registry/acorn-globals/-/acorn-globals-1.0.9.tgz"
    "version" "1.0.9"
    dependencies:
      "acorn" "^2.1.0"
  
  "acorn-walk@^8.1.1":
    "integrity" "sha1-dBIQ8uJCZFRQiFOi9E0KuDt/acE="
    "resolved" "https://ab-inbev.pkgs.visualstudio.com/GHQ_B2B_Delta/_packaging/admin-portal-shared-services/npm/registry/acorn-walk/-/acorn-walk-8.2.0.tgz"
    "version" "8.2.0"
  
  "acorn@^1.0.1":
    "integrity" "sha1-yM4n3grMdtiW0rH6099YjZ6C8BQ="
    "resolved" "https://ab-inbev.pkgs.visualstudio.com/GHQ_B2B_Delta/_packaging/admin-portal-shared-services/npm/registry/acorn/-/acorn-1.2.2.tgz"
    "version" "1.2.2"
  
  "acorn@^2.1.0":
    "integrity" "sha1-q259nYhqrKiwhbwzEreaGYQz8Oc="
    "resolved" "https://ab-inbev.pkgs.visualstudio.com/GHQ_B2B_Delta/_packaging/admin-portal-shared-services/npm/registry/acorn/-/acorn-2.7.0.tgz"
    "version" "2.7.0"
  
  "acorn@^8.4.1":
    "integrity" "sha1-Cj+cvsxOw76m8KgLZq6N0tolC3M="
    "resolved" "https://ab-inbev.pkgs.visualstudio.com/GHQ_B2B_Delta/_packaging/admin-portal-shared-services/npm/registry/acorn/-/acorn-8.8.1.tgz"
    "version" "8.8.1"
  
  "agent-base@6":
    "integrity" "sha1-Sf/1hXfP7j83F2/qtMIuAPhtf3c="
    "resolved" "https://ab-inbev.pkgs.visualstudio.com/GHQ_B2B_Delta/_packaging/admin-portal-shared-services/npm/registry/agent-base/-/agent-base-6.0.2.tgz"
    "version" "6.0.2"
    dependencies:
      "debug" "4"
  
  "align-text@^0.1.1", "align-text@^0.1.3":
    "integrity" "sha1-DNkKVhCT810KmSVsIrcGlDP60Rc="
    "resolved" "https://ab-inbev.pkgs.visualstudio.com/GHQ_B2B_Delta/_packaging/admin-portal-shared-services/npm/registry/align-text/-/align-text-0.1.4.tgz"
    "version" "0.1.4"
    dependencies:
      "kind-of" "^3.0.2"
      "longest" "^1.0.1"
      "repeat-string" "^1.5.2"
  
  "amdefine@>=0.0.4":
    "integrity" "sha1-SlKCrBZHKek2Gbz9OtFR+BfOkfU="
    "resolved" "https://ab-inbev.pkgs.visualstudio.com/GHQ_B2B_Delta/_packaging/admin-portal-shared-services/npm/registry/amdefine/-/amdefine-1.0.1.tgz"
    "version" "1.0.1"
  
  "ansi-regex@^5.0.1":
    "integrity" "sha1-CCyyyJyf6GWaMRpTvWpNxTAdswQ="
    "resolved" "https://ab-inbev.pkgs.visualstudio.com/GHQ_B2B_Delta/_packaging/admin-portal-shared-services/npm/registry/ansi-regex/-/ansi-regex-5.0.1.tgz"
    "version" "5.0.1"
  
  "anymatch@~3.1.2":
    "integrity" "sha1-eQxYsZuhcgqEIFtXxhjVrYUklz4="
    "resolved" "https://ab-inbev.pkgs.visualstudio.com/GHQ_B2B_Delta/_packaging/admin-portal-shared-services/npm/registry/anymatch/-/anymatch-3.1.3.tgz"
    "version" "3.1.3"
    dependencies:
      "normalize-path" "^3.0.0"
      "picomatch" "^2.0.4"
  
  "aproba@^1.0.3 || ^2.0.0":
    "integrity" "sha1-UlILiuW1aSFbNU78DKo/4eRaitw="
    "resolved" "https://ab-inbev.pkgs.visualstudio.com/GHQ_B2B_Delta/_packaging/admin-portal-shared-services/npm/registry/aproba/-/aproba-2.0.0.tgz"
    "version" "2.0.0"
  
  "are-we-there-yet@^2.0.0":
    "integrity" "sha1-Ny4Oe9J52OlMZTqqH2cgCIS/Phw="
    "resolved" "https://ab-inbev.pkgs.visualstudio.com/GHQ_B2B_Delta/_packaging/admin-portal-shared-services/npm/registry/are-we-there-yet/-/are-we-there-yet-2.0.0.tgz"
    "version" "2.0.0"
    dependencies:
      "delegates" "^1.0.0"
      "readable-stream" "^3.6.0"
  
  "arg@^4.1.0":
    "integrity" "sha1-Jp/HrVuOQstjyJbVZmAXJhwUQIk="
    "resolved" "https://ab-inbev.pkgs.visualstudio.com/GHQ_B2B_Delta/_packaging/admin-portal-shared-services/npm/registry/arg/-/arg-4.1.3.tgz"
    "version" "4.1.3"
  
  "array-flatten@1.1.1":
    "integrity" "sha1-ml9pkFGx5wczKPKgCJaLZOopVdI="
    "resolved" "https://ab-inbev.pkgs.visualstudio.com/GHQ_B2B_Delta/_packaging/admin-portal-shared-services/npm/registry/array-flatten/-/array-flatten-1.1.1.tgz"
    "version" "1.1.1"
  
  "asap@~1.0.0":
    "integrity" "sha1-sqRdpf36ILBJb8N2jMJ8EvqRan0="
    "resolved" "https://ab-inbev.pkgs.visualstudio.com/GHQ_B2B_Delta/_packaging/admin-portal-shared-services/npm/registry/asap/-/asap-1.0.0.tgz"
    "version" "1.0.0"
  
  "balanced-match@^1.0.0":
    "integrity" "sha1-6D46fj8wCzTLnYf2FfoMvzV2kO4="
    "resolved" "https://ab-inbev.pkgs.visualstudio.com/GHQ_B2B_Delta/_packaging/admin-portal-shared-services/npm/registry/balanced-match/-/balanced-match-1.0.2.tgz"
    "version" "1.0.2"
  
  "basic-auth@~2.0.0":
    "integrity" "sha1-uZgnm/R844NEtPPPkW1Gebv1Hjo="
    "resolved" "https://ab-inbev.pkgs.visualstudio.com/GHQ_B2B_Delta/_packaging/admin-portal-shared-services/npm/registry/basic-auth/-/basic-auth-2.0.1.tgz"
    "version" "2.0.1"
    dependencies:
      "safe-buffer" "5.1.2"
  
  "bcrypt@^5.1.0":
    "integrity" "sha1-u7J2ZdvEAEgKUk2Jkax0NOhSnhc="
    "resolved" "https://ab-inbev.pkgs.visualstudio.com/GHQ_B2B_Delta/_packaging/admin-portal-shared-services/npm/registry/bcrypt/-/bcrypt-5.1.0.tgz"
    "version" "5.1.0"
    dependencies:
      "@mapbox/node-pre-gyp" "^1.0.10"
      "node-addon-api" "^5.0.0"
  
  "binary-extensions@^2.0.0":
    "integrity" "sha1-dfUC7q+f/eQvyYgpZFvk6na9ni0="
    "resolved" "https://ab-inbev.pkgs.visualstudio.com/GHQ_B2B_Delta/_packaging/admin-portal-shared-services/npm/registry/binary-extensions/-/binary-extensions-2.2.0.tgz"
    "version" "2.2.0"
  
  "body-parser@1.18.3":
    "integrity" "sha1-WykhmP/dVTs6DyDe0FkrlWlVyLQ="
    "resolved" "https://ab-inbev.pkgs.visualstudio.com/GHQ_B2B_Delta/_packaging/admin-portal-shared-services/npm/registry/body-parser/-/body-parser-1.18.3.tgz"
    "version" "1.18.3"
    dependencies:
      "bytes" "3.0.0"
      "content-type" "~1.0.4"
      "debug" "2.6.9"
      "depd" "~1.1.2"
      "http-errors" "~1.6.3"
      "iconv-lite" "0.4.23"
      "on-finished" "~2.3.0"
      "qs" "6.5.2"
      "raw-body" "2.3.3"
      "type-is" "~1.6.16"
  
  "brace-expansion@^1.1.7":
    "integrity" "sha1-PH/L9SnYcibz0vUrlm/1Jx60Qd0="
    "resolved" "https://ab-inbev.pkgs.visualstudio.com/GHQ_B2B_Delta/_packaging/admin-portal-shared-services/npm/registry/brace-expansion/-/brace-expansion-1.1.11.tgz"
    "version" "1.1.11"
    dependencies:
      "balanced-match" "^1.0.0"
      "concat-map" "0.0.1"
  
  "braces@~3.0.2":
    "integrity" "sha1-NFThpGLujVmeI23zNs2epPiv4Qc="
    "resolved" "https://ab-inbev.pkgs.visualstudio.com/GHQ_B2B_Delta/_packaging/admin-portal-shared-services/npm/registry/braces/-/braces-3.0.2.tgz"
    "version" "3.0.2"
    dependencies:
      "fill-range" "^7.0.1"
  
  "buffer-writer@2.0.0":
    "integrity" "sha1-zn64Gjj3gp2wnIc/L7t5LAyY7AQ="
    "resolved" "https://ab-inbev.pkgs.visualstudio.com/GHQ_B2B_Delta/_packaging/admin-portal-shared-services/npm/registry/buffer-writer/-/buffer-writer-2.0.0.tgz"
    "version" "2.0.0"
  
  "bytes@3.0.0":
    "integrity" "sha1-0ygVQE1olpn4Wk6k+odV3ROpYEg="
    "resolved" "https://ab-inbev.pkgs.visualstudio.com/GHQ_B2B_Delta/_packaging/admin-portal-shared-services/npm/registry/bytes/-/bytes-3.0.0.tgz"
    "version" "3.0.0"
  
  "camelcase@^1.0.2":
    "integrity" "sha1-m7UwTS4LVmmLLHWLCKPqqdqlijk="
    "resolved" "https://ab-inbev.pkgs.visualstudio.com/GHQ_B2B_Delta/_packaging/admin-portal-shared-services/npm/registry/camelcase/-/camelcase-1.2.1.tgz"
    "version" "1.2.1"
  
  "center-align@^0.1.1":
    "integrity" "sha1-qg0yYptu6XIgBBHL1EYckHvCt60="
    "resolved" "https://ab-inbev.pkgs.visualstudio.com/GHQ_B2B_Delta/_packaging/admin-portal-shared-services/npm/registry/center-align/-/center-align-0.1.3.tgz"
    "version" "0.1.3"
    dependencies:
      "align-text" "^0.1.3"
      "lazy-cache" "^1.0.3"
  
  "character-parser@1.2.1":
    "integrity" "sha1-wN3kqxgnE7kZuXCVmhI+zBow/NY="
    "resolved" "https://ab-inbev.pkgs.visualstudio.com/GHQ_B2B_Delta/_packaging/admin-portal-shared-services/npm/registry/character-parser/-/character-parser-1.2.1.tgz"
    "version" "1.2.1"
  
  "chokidar@^3.5.2":
    "integrity" "sha1-HPN8hwe5Mr0a8a4iwEMuKs0ZA70="
    "resolved" "https://ab-inbev.pkgs.visualstudio.com/GHQ_B2B_Delta/_packaging/admin-portal-shared-services/npm/registry/chokidar/-/chokidar-3.5.3.tgz"
    "version" "3.5.3"
    dependencies:
      "anymatch" "~3.1.2"
      "braces" "~3.0.2"
      "glob-parent" "~5.1.2"
      "is-binary-path" "~2.1.0"
      "is-glob" "~4.0.1"
      "normalize-path" "~3.0.0"
      "readdirp" "~3.6.0"
    optionalDependencies:
      "fsevents" "~2.3.2"
  
  "chownr@^2.0.0":
    "integrity" "sha1-Fb++U9LqtM9w8YqM1o6+Wzyx3s4="
    "resolved" "https://ab-inbev.pkgs.visualstudio.com/GHQ_B2B_Delta/_packaging/admin-portal-shared-services/npm/registry/chownr/-/chownr-2.0.0.tgz"
    "version" "2.0.0"
  
  "clean-css@^3.1.9":
    "integrity" "sha1-vxlF6C/ICPVWlebd6uwBQA79A/8="
    "resolved" "https://ab-inbev.pkgs.visualstudio.com/GHQ_B2B_Delta/_packaging/admin-portal-shared-services/npm/registry/clean-css/-/clean-css-3.4.28.tgz"
    "version" "3.4.28"
    dependencies:
      "commander" "2.8.x"
      "source-map" "0.4.x"
  
  "cliui@^2.1.0":
    "integrity" "sha1-S0dXYP+AJkx2LDoXGQMukcf+oNE="
    "resolved" "https://ab-inbev.pkgs.visualstudio.com/GHQ_B2B_Delta/_packaging/admin-portal-shared-services/npm/registry/cliui/-/cliui-2.1.0.tgz"
    "version" "2.1.0"
    dependencies:
      "center-align" "^0.1.1"
      "right-align" "^0.1.1"
      "wordwrap" "0.0.2"
  
  "color-support@^1.1.2":
    "integrity" "sha1-k4NDeaHMmgxh+C9S8NBDIiUb1aI="
    "resolved" "https://ab-inbev.pkgs.visualstudio.com/GHQ_B2B_Delta/_packaging/admin-portal-shared-services/npm/registry/color-support/-/color-support-1.1.3.tgz"
    "version" "1.1.3"
  
  "commander@~2.6.0":
    "integrity" "sha1-nfflL7Kgyw+4kFjugMMQQiXzfh0="
    "resolved" "https://ab-inbev.pkgs.visualstudio.com/GHQ_B2B_Delta/_packaging/admin-portal-shared-services/npm/registry/commander/-/commander-2.6.0.tgz"
    "version" "2.6.0"
  
  "commander@2.8.x":
    "integrity" "sha1-Br42f+v9oMMwqh4qBy09yXYkJdQ="
    "resolved" "https://ab-inbev.pkgs.visualstudio.com/GHQ_B2B_Delta/_packaging/admin-portal-shared-services/npm/registry/commander/-/commander-2.8.1.tgz"
    "version" "2.8.1"
    dependencies:
      "graceful-readlink" ">= 1.0.0"
  
  "concat-map@0.0.1":
    "integrity" "sha1-2Klr13/Wjfd5OnMDajug1UBdR3s="
    "resolved" "https://ab-inbev.pkgs.visualstudio.com/GHQ_B2B_Delta/_packaging/admin-portal-shared-services/npm/registry/concat-map/-/concat-map-0.0.1.tgz"
    "version" "0.0.1"
  
  "console-control-strings@^1.0.0", "console-control-strings@^1.1.0":
    "integrity" "sha1-PXz0Rk22RG6mRL9LOVB/mFEAjo4="
    "resolved" "https://ab-inbev.pkgs.visualstudio.com/GHQ_B2B_Delta/_packaging/admin-portal-shared-services/npm/registry/console-control-strings/-/console-control-strings-1.1.0.tgz"
    "version" "1.1.0"
  
  "constantinople@~3.0.1":
    "integrity" "sha1-S5RdmTeQe82Y7ldRIsOBdRZUQUE="
    "resolved" "https://ab-inbev.pkgs.visualstudio.com/GHQ_B2B_Delta/_packaging/admin-portal-shared-services/npm/registry/constantinople/-/constantinople-3.0.2.tgz"
    "version" "3.0.2"
    dependencies:
      "acorn" "^2.1.0"
  
  "content-disposition@0.5.2":
    "integrity" "sha1-DPaLud318r55YcOoUXjLhdunjLQ="
    "resolved" "https://ab-inbev.pkgs.visualstudio.com/GHQ_B2B_Delta/_packaging/admin-portal-shared-services/npm/registry/content-disposition/-/content-disposition-0.5.2.tgz"
    "version" "0.5.2"
  
  "content-type@~1.0.4":
    "integrity" "sha1-4TjMdeBAxyexlm/l5fjJruJW/js="
    "resolved" "https://ab-inbev.pkgs.visualstudio.com/GHQ_B2B_Delta/_packaging/admin-portal-shared-services/npm/registry/content-type/-/content-type-1.0.4.tgz"
    "version" "1.0.4"
  
  "cookie-parser@~1.4.4":
    "integrity" "sha1-OsOn01p6A7vH42UHOiYHSCQhRZQ="
    "resolved" "https://ab-inbev.pkgs.visualstudio.com/GHQ_B2B_Delta/_packaging/admin-portal-shared-services/npm/registry/cookie-parser/-/cookie-parser-1.4.6.tgz"
    "version" "1.4.6"
    dependencies:
      "cookie" "0.4.1"
      "cookie-signature" "1.0.6"
  
  "cookie-signature@1.0.6":
    "integrity" "sha1-4wOogrNCzD7oylE6eZmXNNqzriw="
    "resolved" "https://ab-inbev.pkgs.visualstudio.com/GHQ_B2B_Delta/_packaging/admin-portal-shared-services/npm/registry/cookie-signature/-/cookie-signature-1.0.6.tgz"
    "version" "1.0.6"
  
  "cookie@0.3.1":
    "integrity" "sha1-5+Ch+e9DtMi6klxcWpboBtFoc7s="
    "resolved" "https://ab-inbev.pkgs.visualstudio.com/GHQ_B2B_Delta/_packaging/admin-portal-shared-services/npm/registry/cookie/-/cookie-0.3.1.tgz"
    "version" "0.3.1"
  
  "cookie@0.4.1":
    "integrity" "sha1-r9cT/ibr0hupXOth+agRblClN9E="
    "resolved" "https://ab-inbev.pkgs.visualstudio.com/GHQ_B2B_Delta/_packaging/admin-portal-shared-services/npm/registry/cookie/-/cookie-0.4.1.tgz"
    "version" "0.4.1"
  
  "create-require@^1.1.0":
    "integrity" "sha1-wdfo8eX2z8n/ZfnNNS03NIdWwzM="
    "resolved" "https://ab-inbev.pkgs.visualstudio.com/GHQ_B2B_Delta/_packaging/admin-portal-shared-services/npm/registry/create-require/-/create-require-1.1.1.tgz"
    "version" "1.1.1"
  
  "css-parse@1.0.4":
    "integrity" "sha1-OLBQP7+dqfVOnB29pg4UXHcRe90="
    "resolved" "https://ab-inbev.pkgs.visualstudio.com/GHQ_B2B_Delta/_packaging/admin-portal-shared-services/npm/registry/css-parse/-/css-parse-1.0.4.tgz"
    "version" "1.0.4"
  
  "css-stringify@1.0.5":
    "integrity" "sha1-sNBClG2ylTu50pKQCmy19tASIDE="
    "resolved" "https://ab-inbev.pkgs.visualstudio.com/GHQ_B2B_Delta/_packaging/admin-portal-shared-services/npm/registry/css-stringify/-/css-stringify-1.0.5.tgz"
    "version" "1.0.5"
  
  "css@~1.0.8":
    "integrity" "sha1-k4aBHKgrzMnuf7WnMrHioxfIo+c="
    "resolved" "https://ab-inbev.pkgs.visualstudio.com/GHQ_B2B_Delta/_packaging/admin-portal-shared-services/npm/registry/css/-/css-1.0.8.tgz"
    "version" "1.0.8"
    dependencies:
      "css-parse" "1.0.4"
      "css-stringify" "1.0.5"
  
  "debug@^3.2.7":
    "integrity" "sha1-clgLfpFF+zm2Z2+cXl+xALk0F5o="
    "resolved" "https://ab-inbev.pkgs.visualstudio.com/GHQ_B2B_Delta/_packaging/admin-portal-shared-services/npm/registry/debug/-/debug-3.2.7.tgz"
    "version" "3.2.7"
    dependencies:
      "ms" "^2.1.1"
  
  "debug@~2.6.9", "debug@2.6.9":
    "integrity" "sha1-XRKFFd8TT/Mn6QpMk/Tgd6U2NB8="
    "resolved" "https://ab-inbev.pkgs.visualstudio.com/GHQ_B2B_Delta/_packaging/admin-portal-shared-services/npm/registry/debug/-/debug-2.6.9.tgz"
    "version" "2.6.9"
    dependencies:
      "ms" "2.0.0"
  
  "debug@4":
    "integrity" "sha1-Exn2V5NX8jONMzfSzdSRS7XcyGU="
    "resolved" "https://ab-inbev.pkgs.visualstudio.com/GHQ_B2B_Delta/_packaging/admin-portal-shared-services/npm/registry/debug/-/debug-4.3.4.tgz"
    "version" "4.3.4"
    dependencies:
      "ms" "2.1.2"
  
  "decamelize@^1.0.0":
    "integrity" "sha1-9lNNFRSCabIDUue+4m9QH5oZEpA="
    "resolved" "https://ab-inbev.pkgs.visualstudio.com/GHQ_B2B_Delta/_packaging/admin-portal-shared-services/npm/registry/decamelize/-/decamelize-1.2.0.tgz"
    "version" "1.2.0"
  
  "delegates@^1.0.0":
    "integrity" "sha1-hMbhWbgZBP3KWaDvRM2HDTElD5o="
    "resolved" "https://ab-inbev.pkgs.visualstudio.com/GHQ_B2B_Delta/_packaging/admin-portal-shared-services/npm/registry/delegates/-/delegates-1.0.0.tgz"
    "version" "1.0.0"
  
  "depd@~1.1.2":
    "integrity" "sha1-m81S4UwJd2PnSbJ0xDRu0uVgtak="
    "resolved" "https://ab-inbev.pkgs.visualstudio.com/GHQ_B2B_Delta/_packaging/admin-portal-shared-services/npm/registry/depd/-/depd-1.1.2.tgz"
    "version" "1.1.2"
  
  "destroy@~1.0.4":
    "integrity" "sha1-l4hXRCxEdJ5CBmE+N5RiBYJqvYA="
    "resolved" "https://ab-inbev.pkgs.visualstudio.com/GHQ_B2B_Delta/_packaging/admin-portal-shared-services/npm/registry/destroy/-/destroy-1.0.4.tgz"
    "version" "1.0.4"
  
  "detect-libc@^2.0.0":
    "integrity" "sha1-4Yl6qI+mrRl4YpN/vARB7zUu4M0="
    "resolved" "https://ab-inbev.pkgs.visualstudio.com/GHQ_B2B_Delta/_packaging/admin-portal-shared-services/npm/registry/detect-libc/-/detect-libc-2.0.1.tgz"
    "version" "2.0.1"
  
  "diff@^4.0.1":
    "integrity" "sha1-YPOuy4nV+uUgwRqhnvwruYKq3n0="
    "resolved" "https://ab-inbev.pkgs.visualstudio.com/GHQ_B2B_Delta/_packaging/admin-portal-shared-services/npm/registry/diff/-/diff-4.0.2.tgz"
    "version" "4.0.2"
  
  "ee-first@1.1.1":
    "integrity" "sha1-WQxhFWsK4vTwJVcyoViyZrxWsh0="
    "resolved" "https://ab-inbev.pkgs.visualstudio.com/GHQ_B2B_Delta/_packaging/admin-portal-shared-services/npm/registry/ee-first/-/ee-first-1.1.1.tgz"
    "version" "1.1.1"
  
  "emoji-regex@^8.0.0":
    "integrity" "sha1-6Bj9ac5cz8tARZT4QpY79TFkzDc="
    "resolved" "https://ab-inbev.pkgs.visualstudio.com/GHQ_B2B_Delta/_packaging/admin-portal-shared-services/npm/registry/emoji-regex/-/emoji-regex-8.0.0.tgz"
    "version" "8.0.0"
  
  "encodeurl@~1.0.2":
    "integrity" "sha1-rT/0yG7C0CkyL1oCw6mmBslbP1k="
    "resolved" "https://ab-inbev.pkgs.visualstudio.com/GHQ_B2B_Delta/_packaging/admin-portal-shared-services/npm/registry/encodeurl/-/encodeurl-1.0.2.tgz"
    "version" "1.0.2"
  
  "escape-html@~1.0.3":
    "integrity" "sha1-Aljq5NPQwJdN4cFpGI7wBR0dGYg="
    "resolved" "https://ab-inbev.pkgs.visualstudio.com/GHQ_B2B_Delta/_packaging/admin-portal-shared-services/npm/registry/escape-html/-/escape-html-1.0.3.tgz"
    "version" "1.0.3"
  
  "etag@~1.8.1":
    "integrity" "sha1-Qa4u62XvpiJorr/qg6x9eSmbCIc="
    "resolved" "https://ab-inbev.pkgs.visualstudio.com/GHQ_B2B_Delta/_packaging/admin-portal-shared-services/npm/registry/etag/-/etag-1.8.1.tgz"
    "version" "1.8.1"
  
  "express@~4.16.1":
    "integrity" "sha512-j12Uuyb4FMrd/qQAm6uCHAkPtO8FDTRJZBDd5D2KOL2eLaz1yUNdUB/NOIyq0iU4q4cFarsUCrnFDPBcnksuOg=="
    "resolved" "https://registry.npmjs.org/express/-/express-4.16.4.tgz"
    "version" "4.16.4"
    dependencies:
      "accepts" "~1.3.5"
      "array-flatten" "1.1.1"
      "body-parser" "1.18.3"
      "content-disposition" "0.5.2"
      "content-type" "~1.0.4"
      "cookie" "0.3.1"
      "cookie-signature" "1.0.6"
      "debug" "2.6.9"
      "depd" "~1.1.2"
      "encodeurl" "~1.0.2"
      "escape-html" "~1.0.3"
      "etag" "~1.8.1"
      "finalhandler" "1.1.1"
      "fresh" "0.5.2"
      "merge-descriptors" "1.0.1"
      "methods" "~1.1.2"
      "on-finished" "~2.3.0"
      "parseurl" "~1.3.2"
      "path-to-regexp" "0.1.7"
      "proxy-addr" "~2.0.4"
      "qs" "6.5.2"
      "range-parser" "~1.2.0"
      "safe-buffer" "5.1.2"
      "send" "0.16.2"
      "serve-static" "1.13.2"
      "setprototypeof" "1.1.0"
      "statuses" "~1.4.0"
      "type-is" "~1.6.16"
      "utils-merge" "1.0.1"
      "vary" "~1.1.2"
  
  "fill-range@^7.0.1":
    "integrity" "sha1-GRmmp8df44ssfHflGYU12prN2kA="
    "resolved" "https://ab-inbev.pkgs.visualstudio.com/GHQ_B2B_Delta/_packaging/admin-portal-shared-services/npm/registry/fill-range/-/fill-range-7.0.1.tgz"
    "version" "7.0.1"
    dependencies:
      "to-regex-range" "^5.0.1"
  
  "finalhandler@1.1.1":
    "integrity" "sha1-7r9O2EAHnIP0JJA4ydcDAIMBsQU="
    "resolved" "https://ab-inbev.pkgs.visualstudio.com/GHQ_B2B_Delta/_packaging/admin-portal-shared-services/npm/registry/finalhandler/-/finalhandler-1.1.1.tgz"
    "version" "1.1.1"
    dependencies:
      "debug" "2.6.9"
      "encodeurl" "~1.0.2"
      "escape-html" "~1.0.3"
      "on-finished" "~2.3.0"
      "parseurl" "~1.3.2"
      "statuses" "~1.4.0"
      "unpipe" "~1.0.0"
  
  "forwarded@0.2.0":
    "integrity" "sha1-ImmTZCiq1MFcfr6XeahL8LKoGBE="
    "resolved" "https://ab-inbev.pkgs.visualstudio.com/GHQ_B2B_Delta/_packaging/admin-portal-shared-services/npm/registry/forwarded/-/forwarded-0.2.0.tgz"
    "version" "0.2.0"
  
  "fresh@0.5.2":
    "integrity" "sha1-PYyt2Q2XZWn6g1qx+OSyOhBWBac="
    "resolved" "https://ab-inbev.pkgs.visualstudio.com/GHQ_B2B_Delta/_packaging/admin-portal-shared-services/npm/registry/fresh/-/fresh-0.5.2.tgz"
    "version" "0.5.2"
  
  "fs-minipass@^2.0.0":
    "integrity" "sha1-f1A2/b8SxjwWkZDL5BmchSJx+fs="
    "resolved" "https://ab-inbev.pkgs.visualstudio.com/GHQ_B2B_Delta/_packaging/admin-portal-shared-services/npm/registry/fs-minipass/-/fs-minipass-2.1.0.tgz"
    "version" "2.1.0"
    dependencies:
      "minipass" "^3.0.0"
  
  "fs.realpath@^1.0.0":
    "integrity" "sha1-FQStJSMVjKpA20onh8sBQRmU6k8="
    "resolved" "https://ab-inbev.pkgs.visualstudio.com/GHQ_B2B_Delta/_packaging/admin-portal-shared-services/npm/registry/fs.realpath/-/fs.realpath-1.0.0.tgz"
    "version" "1.0.0"
  
  "fsevents@~2.3.2":
    "integrity" "sha1-ilJveLj99GI7cJ4Ll1xSwkwC/Ro="
    "resolved" "https://ab-inbev.pkgs.visualstudio.com/GHQ_B2B_Delta/_packaging/admin-portal-shared-services/npm/registry/fsevents/-/fsevents-2.3.2.tgz"
    "version" "2.3.2"
  
  "gauge@^3.0.0":
    "integrity" "sha1-A79EQcBEODkIvPoGVq2RgDJZs5U="
    "resolved" "https://ab-inbev.pkgs.visualstudio.com/GHQ_B2B_Delta/_packaging/admin-portal-shared-services/npm/registry/gauge/-/gauge-3.0.2.tgz"
    "version" "3.0.2"
    dependencies:
      "aproba" "^1.0.3 || ^2.0.0"
      "color-support" "^1.1.2"
      "console-control-strings" "^1.0.0"
      "has-unicode" "^2.0.1"
      "object-assign" "^4.1.1"
      "signal-exit" "^3.0.0"
      "string-width" "^4.2.3"
      "strip-ansi" "^6.0.1"
      "wide-align" "^1.1.2"
  
  "glob-parent@~5.1.2":
    "integrity" "sha1-hpgyxYA0/mikCTwX3BXoNA2EAcQ="
    "resolved" "https://ab-inbev.pkgs.visualstudio.com/GHQ_B2B_Delta/_packaging/admin-portal-shared-services/npm/registry/glob-parent/-/glob-parent-5.1.2.tgz"
    "version" "5.1.2"
    dependencies:
      "is-glob" "^4.0.1"
  
  "glob@^7.1.3":
    "integrity" "sha1-uN8PuAK7+o6JvR2Ti04WV47UTys="
    "resolved" "https://ab-inbev.pkgs.visualstudio.com/GHQ_B2B_Delta/_packaging/admin-portal-shared-services/npm/registry/glob/-/glob-7.2.3.tgz"
    "version" "7.2.3"
    dependencies:
      "fs.realpath" "^1.0.0"
      "inflight" "^1.0.4"
      "inherits" "2"
      "minimatch" "^3.1.1"
      "once" "^1.3.0"
      "path-is-absolute" "^1.0.0"
  
  "graceful-readlink@>= 1.0.0":
    "integrity" "sha1-TK+tdrxi8C+gObL5Tpo906ORpyU="
    "resolved" "https://ab-inbev.pkgs.visualstudio.com/GHQ_B2B_Delta/_packaging/admin-portal-shared-services/npm/registry/graceful-readlink/-/graceful-readlink-1.0.1.tgz"
    "version" "1.0.1"
  
  "has-flag@^3.0.0":
    "integrity" "sha1-tdRU3CGZriJWmfNGfloH87lVuv0="
    "resolved" "https://ab-inbev.pkgs.visualstudio.com/GHQ_B2B_Delta/_packaging/admin-portal-shared-services/npm/registry/has-flag/-/has-flag-3.0.0.tgz"
    "version" "3.0.0"
  
  "has-unicode@^2.0.1":
    "integrity" "sha1-4Ob+aijPUROIVeCG0Wkedx3iqLk="
    "resolved" "https://ab-inbev.pkgs.visualstudio.com/GHQ_B2B_Delta/_packaging/admin-portal-shared-services/npm/registry/has-unicode/-/has-unicode-2.0.1.tgz"
    "version" "2.0.1"
  
  "http-errors@~1.6.2", "http-errors@~1.6.3", "http-errors@1.6.3":
    "integrity" "sha1-i1VoC7S+KDoLW/TqLjhYC+HZMg0="
    "resolved" "https://ab-inbev.pkgs.visualstudio.com/GHQ_B2B_Delta/_packaging/admin-portal-shared-services/npm/registry/http-errors/-/http-errors-1.6.3.tgz"
    "version" "1.6.3"
    dependencies:
      "depd" "~1.1.2"
      "inherits" "2.0.3"
      "setprototypeof" "1.1.0"
      "statuses" ">= 1.4.0 < 2"
  
  "https-proxy-agent@^5.0.0":
    "integrity" "sha1-xZ7yJKBP6LdU89sAY6Jeow0ABdY="
    "resolved" "https://ab-inbev.pkgs.visualstudio.com/GHQ_B2B_Delta/_packaging/admin-portal-shared-services/npm/registry/https-proxy-agent/-/https-proxy-agent-5.0.1.tgz"
    "version" "5.0.1"
    dependencies:
      "agent-base" "6"
      "debug" "4"
  
  "iconv-lite@0.4.23":
    "integrity" "sha1-KXhx9jvlB63Pv8pxXQzQ7thOmmM="
    "resolved" "https://ab-inbev.pkgs.visualstudio.com/GHQ_B2B_Delta/_packaging/admin-portal-shared-services/npm/registry/iconv-lite/-/iconv-lite-0.4.23.tgz"
    "version" "0.4.23"
    dependencies:
      "safer-buffer" ">= 2.1.2 < 3"
  
  "ignore-by-default@^1.0.1":
    "integrity" "sha1-SMptcvbGo68Aqa1K5odr44ieKwk="
    "resolved" "https://ab-inbev.pkgs.visualstudio.com/GHQ_B2B_Delta/_packaging/admin-portal-shared-services/npm/registry/ignore-by-default/-/ignore-by-default-1.0.1.tgz"
    "version" "1.0.1"
  
  "inflight@^1.0.4":
    "integrity" "sha1-Sb1jMdfQLQwJvJEKEHW6gWW1bfk="
    "resolved" "https://ab-inbev.pkgs.visualstudio.com/GHQ_B2B_Delta/_packaging/admin-portal-shared-services/npm/registry/inflight/-/inflight-1.0.6.tgz"
    "version" "1.0.6"
    dependencies:
      "once" "^1.3.0"
      "wrappy" "1"
  
  "inherits@^2.0.3", "inherits@2":
    "integrity" "sha1-D6LGT5MpF8NDOg3tVTY6rjdBa3w="
    "resolved" "https://ab-inbev.pkgs.visualstudio.com/GHQ_B2B_Delta/_packaging/admin-portal-shared-services/npm/registry/inherits/-/inherits-2.0.4.tgz"
    "version" "2.0.4"
  
  "inherits@2.0.3":
    "integrity" "sha1-Yzwsg+PaQqUC9SRmAiSA9CCCYd4="
    "resolved" "https://ab-inbev.pkgs.visualstudio.com/GHQ_B2B_Delta/_packaging/admin-portal-shared-services/npm/registry/inherits/-/inherits-2.0.3.tgz"
    "version" "2.0.3"
  
  "ipaddr.js@1.9.1":
    "integrity" "sha1-v/OFQ+64mEglB5/zoqjmy9RngbM="
    "resolved" "https://ab-inbev.pkgs.visualstudio.com/GHQ_B2B_Delta/_packaging/admin-portal-shared-services/npm/registry/ipaddr.js/-/ipaddr.js-1.9.1.tgz"
    "version" "1.9.1"
  
  "is-binary-path@~2.1.0":
    "integrity" "sha1-6h9/O4DwZCNug0cPhsCcJU+0Wwk="
    "resolved" "https://ab-inbev.pkgs.visualstudio.com/GHQ_B2B_Delta/_packaging/admin-portal-shared-services/npm/registry/is-binary-path/-/is-binary-path-2.1.0.tgz"
    "version" "2.1.0"
    dependencies:
      "binary-extensions" "^2.0.0"
  
  "is-buffer@^1.1.5":
    "integrity" "sha1-76ouqdqg16suoTqXsritUf776L4="
    "resolved" "https://ab-inbev.pkgs.visualstudio.com/GHQ_B2B_Delta/_packaging/admin-portal-shared-services/npm/registry/is-buffer/-/is-buffer-1.1.6.tgz"
    "version" "1.1.6"
  
  "is-extglob@^2.1.1":
    "integrity" "sha1-qIwCU1eR8C7TfHahueqXc8gz+MI="
    "resolved" "https://ab-inbev.pkgs.visualstudio.com/GHQ_B2B_Delta/_packaging/admin-portal-shared-services/npm/registry/is-extglob/-/is-extglob-2.1.1.tgz"
    "version" "2.1.1"
  
  "is-fullwidth-code-point@^3.0.0":
    "integrity" "sha1-8Rb4Bk/pCz94RKOJl8C3UFEmnx0="
    "resolved" "https://ab-inbev.pkgs.visualstudio.com/GHQ_B2B_Delta/_packaging/admin-portal-shared-services/npm/registry/is-fullwidth-code-point/-/is-fullwidth-code-point-3.0.0.tgz"
    "version" "3.0.0"
  
  "is-glob@^4.0.1", "is-glob@~4.0.1":
    "integrity" "sha1-ZPYeQsu7LuwgcanawLKLoeZdUIQ="
    "resolved" "https://ab-inbev.pkgs.visualstudio.com/GHQ_B2B_Delta/_packaging/admin-portal-shared-services/npm/registry/is-glob/-/is-glob-4.0.3.tgz"
    "version" "4.0.3"
    dependencies:
      "is-extglob" "^2.1.1"
  
  "is-number@^7.0.0":
    "integrity" "sha1-dTU0W4lnNNX4DE0GxQlVUnoU8Ss="
    "resolved" "https://ab-inbev.pkgs.visualstudio.com/GHQ_B2B_Delta/_packaging/admin-portal-shared-services/npm/registry/is-number/-/is-number-7.0.0.tgz"
    "version" "7.0.0"
  
  "is-promise@^2.0.0":
    "integrity" "sha1-OauVnMv5p3TPB597QMeib3YxNfE="
    "resolved" "https://ab-inbev.pkgs.visualstudio.com/GHQ_B2B_Delta/_packaging/admin-portal-shared-services/npm/registry/is-promise/-/is-promise-2.2.2.tgz"
    "version" "2.2.2"
  
  "is-promise@~1":
    "integrity" "sha1-MVc3YcBX4zwukaq56W2gjO++duU="
    "resolved" "https://ab-inbev.pkgs.visualstudio.com/GHQ_B2B_Delta/_packaging/admin-portal-shared-services/npm/registry/is-promise/-/is-promise-1.0.1.tgz"
    "version" "1.0.1"
  
  "jade@~1.11.0":
    "integrity" "sha1-nIDlOMEtP7lcjZu5VZ+gzAQEBf0="
    "resolved" "https://ab-inbev.pkgs.visualstudio.com/GHQ_B2B_Delta/_packaging/admin-portal-shared-services/npm/registry/jade/-/jade-1.11.0.tgz"
    "version" "1.11.0"
    dependencies:
      "character-parser" "1.2.1"
      "clean-css" "^3.1.9"
      "commander" "~2.6.0"
      "constantinople" "~3.0.1"
      "jstransformer" "0.0.2"
      "mkdirp" "~0.5.0"
      "transformers" "2.1.0"
      "uglify-js" "^2.4.19"
      "void-elements" "~2.0.1"
      "with" "~4.0.0"
  
  "jstransformer@0.0.2":
    "integrity" "sha1-eq4pqQPRls+glz2IXT5HlH7Ndqs="
    "resolved" "https://ab-inbev.pkgs.visualstudio.com/GHQ_B2B_Delta/_packaging/admin-portal-shared-services/npm/registry/jstransformer/-/jstransformer-0.0.2.tgz"
    "version" "0.0.2"
    dependencies:
      "is-promise" "^2.0.0"
      "promise" "^6.0.1"
  
  "kind-of@^3.0.2":
    "integrity" "sha1-MeohpzS6ubuw8yRm2JOupR5KPGQ="
    "resolved" "https://ab-inbev.pkgs.visualstudio.com/GHQ_B2B_Delta/_packaging/admin-portal-shared-services/npm/registry/kind-of/-/kind-of-3.2.2.tgz"
    "version" "3.2.2"
    dependencies:
      "is-buffer" "^1.1.5"
  
  "lazy-cache@^1.0.3":
    "integrity" "sha1-odePw6UEdMuAhF07O24dpJpEbo4="
    "resolved" "https://ab-inbev.pkgs.visualstudio.com/GHQ_B2B_Delta/_packaging/admin-portal-shared-services/npm/registry/lazy-cache/-/lazy-cache-1.0.4.tgz"
    "version" "1.0.4"
  
  "longest@^1.0.1":
    "integrity" "sha1-MKCy2jj3N3DoKUoNIuZiXtd9AJc="
    "resolved" "https://ab-inbev.pkgs.visualstudio.com/GHQ_B2B_Delta/_packaging/admin-portal-shared-services/npm/registry/longest/-/longest-1.0.1.tgz"
    "version" "1.0.1"
  
  "lru-cache@^6.0.0":
    "integrity" "sha1-bW/mVw69lqr5D8rR2vo7JWbbOpQ="
    "resolved" "https://ab-inbev.pkgs.visualstudio.com/GHQ_B2B_Delta/_packaging/admin-portal-shared-services/npm/registry/lru-cache/-/lru-cache-6.0.0.tgz"
    "version" "6.0.0"
    dependencies:
      "yallist" "^4.0.0"
  
  "make-dir@^3.1.0":
    "integrity" "sha1-QV6WcEazp/HRhSd9hKpYIDcmoT8="
    "resolved" "https://ab-inbev.pkgs.visualstudio.com/GHQ_B2B_Delta/_packaging/admin-portal-shared-services/npm/registry/make-dir/-/make-dir-3.1.0.tgz"
    "version" "3.1.0"
    dependencies:
      "semver" "^6.0.0"
  
  "make-error@^1.1.1":
    "integrity" "sha1-LrLjfqm2fEiR9oShOUeZr0hM96I="
    "resolved" "https://ab-inbev.pkgs.visualstudio.com/GHQ_B2B_Delta/_packaging/admin-portal-shared-services/npm/registry/make-error/-/make-error-1.3.6.tgz"
    "version" "1.3.6"
  
  "media-typer@0.3.0":
    "integrity" "sha1-hxDXrwqmJvj/+hzgAWhUUmMlV0g="
    "resolved" "https://ab-inbev.pkgs.visualstudio.com/GHQ_B2B_Delta/_packaging/admin-portal-shared-services/npm/registry/media-typer/-/media-typer-0.3.0.tgz"
    "version" "0.3.0"
  
  "merge-descriptors@1.0.1":
    "integrity" "sha1-sAqqVW3YtEVoFQ7J0blT8/kMu2E="
    "resolved" "https://ab-inbev.pkgs.visualstudio.com/GHQ_B2B_Delta/_packaging/admin-portal-shared-services/npm/registry/merge-descriptors/-/merge-descriptors-1.0.1.tgz"
    "version" "1.0.1"
  
  "methods@~1.1.2":
    "integrity" "sha1-VSmk1nZUE07cxSZmVoNbD4Ua/O4="
    "resolved" "https://ab-inbev.pkgs.visualstudio.com/GHQ_B2B_Delta/_packaging/admin-portal-shared-services/npm/registry/methods/-/methods-1.1.2.tgz"
    "version" "1.1.2"
  
  "mime-db@1.52.0":
    "integrity" "sha1-u6vNwChZ9JhzAchW4zh85exDv3A="
    "resolved" "https://ab-inbev.pkgs.visualstudio.com/GHQ_B2B_Delta/_packaging/admin-portal-shared-services/npm/registry/mime-db/-/mime-db-1.52.0.tgz"
    "version" "1.52.0"
  
  "mime-types@~2.1.24", "mime-types@~2.1.34":
    "integrity" "sha1-OBqHG2KnNEUGYK497uRIE/cNlZo="
    "resolved" "https://ab-inbev.pkgs.visualstudio.com/GHQ_B2B_Delta/_packaging/admin-portal-shared-services/npm/registry/mime-types/-/mime-types-2.1.35.tgz"
    "version" "2.1.35"
    dependencies:
      "mime-db" "1.52.0"
  
  "mime@1.4.1":
    "integrity" "sha1-Eh+evEnjdm8xGnbh+hyAA8SwOqY="
    "resolved" "https://ab-inbev.pkgs.visualstudio.com/GHQ_B2B_Delta/_packaging/admin-portal-shared-services/npm/registry/mime/-/mime-1.4.1.tgz"
    "version" "1.4.1"
  
  "minimatch@^3.1.1", "minimatch@^3.1.2":
    "integrity" "sha1-Gc0ZS/0+Qo8EmnCBfAONiatL41s="
    "resolved" "https://ab-inbev.pkgs.visualstudio.com/GHQ_B2B_Delta/_packaging/admin-portal-shared-services/npm/registry/minimatch/-/minimatch-3.1.2.tgz"
    "version" "3.1.2"
    dependencies:
      "brace-expansion" "^1.1.7"
  
  "minimist@^1.2.6":
    "integrity" "sha1-2qHE2R9Qc5BDfGqLwBB45wAMTRg="
    "resolved" "https://ab-inbev.pkgs.visualstudio.com/GHQ_B2B_Delta/_packaging/admin-portal-shared-services/npm/registry/minimist/-/minimist-1.2.7.tgz"
    "version" "1.2.7"
  
  "minipass@^3.0.0":
    "integrity" "sha1-e7o4TbOhUg0YycDlJRw0ROld2Uo="
    "resolved" "https://ab-inbev.pkgs.visualstudio.com/GHQ_B2B_Delta/_packaging/admin-portal-shared-services/npm/registry/minipass/-/minipass-3.3.6.tgz"
    "version" "3.3.6"
    dependencies:
      "yallist" "^4.0.0"
  
  "minipass@^4.0.0":
    "integrity" "sha1-fOuw+fp9VvDFsXhTy+KIOKjbvTs="
    "resolved" "https://ab-inbev.pkgs.visualstudio.com/GHQ_B2B_Delta/_packaging/admin-portal-shared-services/npm/registry/minipass/-/minipass-4.0.0.tgz"
    "version" "4.0.0"
    dependencies:
      "yallist" "^4.0.0"
  
  "minizlib@^2.1.1":
    "integrity" "sha1-6Q00Zrogm5MkUVCKEc49NjIUWTE="
    "resolved" "https://ab-inbev.pkgs.visualstudio.com/GHQ_B2B_Delta/_packaging/admin-portal-shared-services/npm/registry/minizlib/-/minizlib-2.1.2.tgz"
    "version" "2.1.2"
    dependencies:
      "minipass" "^3.0.0"
      "yallist" "^4.0.0"
  
  "mkdirp@^1.0.3":
    "integrity" "sha1-PrXtYmInVteaXw4qIh3+utdcL34="
    "resolved" "https://ab-inbev.pkgs.visualstudio.com/GHQ_B2B_Delta/_packaging/admin-portal-shared-services/npm/registry/mkdirp/-/mkdirp-1.0.4.tgz"
    "version" "1.0.4"
  
  "mkdirp@~0.5.0":
    "integrity" "sha1-fe8D0kMtyuS6HWEURcSDlgYiVfY="
    "resolved" "https://ab-inbev.pkgs.visualstudio.com/GHQ_B2B_Delta/_packaging/admin-portal-shared-services/npm/registry/mkdirp/-/mkdirp-0.5.6.tgz"
    "version" "0.5.6"
    dependencies:
      "minimist" "^1.2.6"
  
  "morgan@~1.9.1":
    "integrity" "sha1-Co0Wc0odmvvIJLmd+H5zjlji2lk="
    "resolved" "https://ab-inbev.pkgs.visualstudio.com/GHQ_B2B_Delta/_packaging/admin-portal-shared-services/npm/registry/morgan/-/morgan-1.9.1.tgz"
    "version" "1.9.1"
    dependencies:
      "basic-auth" "~2.0.0"
      "debug" "2.6.9"
      "depd" "~1.1.2"
      "on-finished" "~2.3.0"
      "on-headers" "~1.0.1"
  
  "ms@^2.1.1":
    "integrity" "sha1-V0yBOM4dK1hh8LRFedut1gxmFbI="
    "resolved" "https://ab-inbev.pkgs.visualstudio.com/GHQ_B2B_Delta/_packaging/admin-portal-shared-services/npm/registry/ms/-/ms-2.1.3.tgz"
    "version" "2.1.3"
  
  "ms@2.0.0":
    "integrity" "sha1-VgiurfwAvmwpAd9fmGF4jeDVl8g="
    "resolved" "https://ab-inbev.pkgs.visualstudio.com/GHQ_B2B_Delta/_packaging/admin-portal-shared-services/npm/registry/ms/-/ms-2.0.0.tgz"
    "version" "2.0.0"
  
  "ms@2.1.2":
    "integrity" "sha1-0J0fNXtEP0kzgqjrPM0YOHKuYAk="
    "resolved" "https://ab-inbev.pkgs.visualstudio.com/GHQ_B2B_Delta/_packaging/admin-portal-shared-services/npm/registry/ms/-/ms-2.1.2.tgz"
    "version" "2.1.2"
  
  "negotiator@0.6.3":
    "integrity" "sha1-WOMjpy/twNb5zU0x/kn1FHlZDM0="
    "resolved" "https://ab-inbev.pkgs.visualstudio.com/GHQ_B2B_Delta/_packaging/admin-portal-shared-services/npm/registry/negotiator/-/negotiator-0.6.3.tgz"
    "version" "0.6.3"
  
  "node-addon-api@^5.0.0":
    "integrity" "sha1-fX5vnviQQ779sgwZickF694YxQE="
    "resolved" "https://ab-inbev.pkgs.visualstudio.com/GHQ_B2B_Delta/_packaging/admin-portal-shared-services/npm/registry/node-addon-api/-/node-addon-api-5.0.0.tgz"
    "version" "5.0.0"
  
  "node-fetch@^2.6.7":
    "integrity" "sha1-JN6fuoJ+O0rkTciyAlajeRYAUq0="
    "resolved" "https://ab-inbev.pkgs.visualstudio.com/GHQ_B2B_Delta/_packaging/admin-portal-shared-services/npm/registry/node-fetch/-/node-fetch-2.6.7.tgz"
    "version" "2.6.7"
    dependencies:
      "whatwg-url" "^5.0.0"
  
  "nodemon@^2.0.20":
    "integrity" "sha1-41N952ikkujXTaXFgTywx0hvxwE="
    "resolved" "https://ab-inbev.pkgs.visualstudio.com/GHQ_B2B_Delta/_packaging/admin-portal-shared-services/npm/registry/nodemon/-/nodemon-2.0.20.tgz"
    "version" "2.0.20"
    dependencies:
      "chokidar" "^3.5.2"
      "debug" "^3.2.7"
      "ignore-by-default" "^1.0.1"
      "minimatch" "^3.1.2"
      "pstree.remy" "^1.1.8"
      "semver" "^5.7.1"
      "simple-update-notifier" "^1.0.7"
      "supports-color" "^5.5.0"
      "touch" "^3.1.0"
      "undefsafe" "^2.0.5"
  
  "nopt@^5.0.0":
    "integrity" "sha1-UwlCu1ilEvzK/lP+IQ8TolNV3Ig="
    "resolved" "https://ab-inbev.pkgs.visualstudio.com/GHQ_B2B_Delta/_packaging/admin-portal-shared-services/npm/registry/nopt/-/nopt-5.0.0.tgz"
    "version" "5.0.0"
    dependencies:
      "abbrev" "1"
  
  "nopt@~1.0.10":
    "integrity" "sha1-bd0hvSoxQXuScn3Vhfim83YI6+4="
    "resolved" "https://ab-inbev.pkgs.visualstudio.com/GHQ_B2B_Delta/_packaging/admin-portal-shared-services/npm/registry/nopt/-/nopt-1.0.10.tgz"
    "version" "1.0.10"
    dependencies:
      "abbrev" "1"
  
  "normalize-path@^3.0.0", "normalize-path@~3.0.0":
    "integrity" "sha1-Dc1p/yOhybEf0JeDFmRKA4ghamU="
    "resolved" "https://ab-inbev.pkgs.visualstudio.com/GHQ_B2B_Delta/_packaging/admin-portal-shared-services/npm/registry/normalize-path/-/normalize-path-3.0.0.tgz"
    "version" "3.0.0"
  
  "npmlog@^5.0.1":
    "integrity" "sha1-8GZ46A4pQZrWerlk4PpplZweuLA="
    "resolved" "https://ab-inbev.pkgs.visualstudio.com/GHQ_B2B_Delta/_packaging/admin-portal-shared-services/npm/registry/npmlog/-/npmlog-5.0.1.tgz"
    "version" "5.0.1"
    dependencies:
      "are-we-there-yet" "^2.0.0"
      "console-control-strings" "^1.1.0"
      "gauge" "^3.0.0"
      "set-blocking" "^2.0.0"
  
  "object-assign@^4.1.1":
    "integrity" "sha1-IQmtx5ZYh8/AXLvUQsrIv7s2CGM="
    "resolved" "https://ab-inbev.pkgs.visualstudio.com/GHQ_B2B_Delta/_packaging/admin-portal-shared-services/npm/registry/object-assign/-/object-assign-4.1.1.tgz"
    "version" "4.1.1"
  
  "on-finished@~2.3.0":
    "integrity" "sha1-IPEzZIGwg811M3mSoWlxqi2QaUc="
    "resolved" "https://ab-inbev.pkgs.visualstudio.com/GHQ_B2B_Delta/_packaging/admin-portal-shared-services/npm/registry/on-finished/-/on-finished-2.3.0.tgz"
    "version" "2.3.0"
    dependencies:
      "ee-first" "1.1.1"
  
  "on-headers@~1.0.1":
    "integrity" "sha1-dysK5qqlJcOZ5Imt+tkMQD6zwo8="
    "resolved" "https://ab-inbev.pkgs.visualstudio.com/GHQ_B2B_Delta/_packaging/admin-portal-shared-services/npm/registry/on-headers/-/on-headers-1.0.2.tgz"
    "version" "1.0.2"
  
  "once@^1.3.0":
    "integrity" "sha1-WDsap3WWHUsROsF9nFC6753Xa9E="
    "resolved" "https://ab-inbev.pkgs.visualstudio.com/GHQ_B2B_Delta/_packaging/admin-portal-shared-services/npm/registry/once/-/once-1.4.0.tgz"
    "version" "1.4.0"
    dependencies:
      "wrappy" "1"
  
  "optimist@~0.3.5":
    "integrity" "sha1-yQlBrVnkJzMokjB00s8ufLxuwNk="
    "resolved" "https://ab-inbev.pkgs.visualstudio.com/GHQ_B2B_Delta/_packaging/admin-portal-shared-services/npm/registry/optimist/-/optimist-0.3.7.tgz"
    "version" "0.3.7"
    dependencies:
      "wordwrap" "~0.0.2"
  
  "packet-reader@1.0.0":
    "integrity" "sha1-kjjlSA3tq6z+H+PydxBj8WQVfXQ="
    "resolved" "https://ab-inbev.pkgs.visualstudio.com/GHQ_B2B_Delta/_packaging/admin-portal-shared-services/npm/registry/packet-reader/-/packet-reader-1.0.0.tgz"
    "version" "1.0.0"
  
  "parseurl@~1.3.2":
    "integrity" "sha1-naGee+6NEt/wUT7Vt2lXeTvC6NQ="
    "resolved" "https://ab-inbev.pkgs.visualstudio.com/GHQ_B2B_Delta/_packaging/admin-portal-shared-services/npm/registry/parseurl/-/parseurl-1.3.3.tgz"
    "version" "1.3.3"
  
  "path-is-absolute@^1.0.0":
    "integrity" "sha1-F0uSaHNVNP+8es5r9TpanhtcX18="
    "resolved" "https://ab-inbev.pkgs.visualstudio.com/GHQ_B2B_Delta/_packaging/admin-portal-shared-services/npm/registry/path-is-absolute/-/path-is-absolute-1.0.1.tgz"
    "version" "1.0.1"
  
  "path-to-regexp@0.1.7":
    "integrity" "sha1-32BBeABfUi8V60SQ5yR6G/qmf4w="
    "resolved" "https://ab-inbev.pkgs.visualstudio.com/GHQ_B2B_Delta/_packaging/admin-portal-shared-services/npm/registry/path-to-regexp/-/path-to-regexp-0.1.7.tgz"
    "version" "0.1.7"
  
  "pg-connection-string@^2.5.0":
    "integrity" "sha1-U4yt0PfmA/wJoSWQ87ikUsLAzzQ="
    "resolved" "https://ab-inbev.pkgs.visualstudio.com/GHQ_B2B_Delta/_packaging/admin-portal-shared-services/npm/registry/pg-connection-string/-/pg-connection-string-2.5.0.tgz"
    "version" "2.5.0"
  
  "pg-int8@1.0.1":
    "integrity" "sha1-lDvUY79bcbQXARX4D478mgwOt4w="
    "resolved" "https://ab-inbev.pkgs.visualstudio.com/GHQ_B2B_Delta/_packaging/admin-portal-shared-services/npm/registry/pg-int8/-/pg-int8-1.0.1.tgz"
    "version" "1.0.1"
  
  "pg-pool@^3.5.2":
    "integrity" "sha1-7RvtH7jXnxxv1fscmemQ+/nd8Xg="
    "resolved" "https://ab-inbev.pkgs.visualstudio.com/GHQ_B2B_Delta/_packaging/admin-portal-shared-services/npm/registry/pg-pool/-/pg-pool-3.5.2.tgz"
    "version" "3.5.2"
  
  "pg-protocol@*", "pg-protocol@^1.5.0":
    "integrity" "sha1-td1FIlcxRWXi1UqzwTKtxGVlpqA="
    "resolved" "https://ab-inbev.pkgs.visualstudio.com/GHQ_B2B_Delta/_packaging/admin-portal-shared-services/npm/registry/pg-protocol/-/pg-protocol-1.5.0.tgz"
    "version" "1.5.0"
  
  "pg-types@^2.1.0", "pg-types@^2.2.0":
    "integrity" "sha1-LQJQ1jZFT3z6O2rgOC/fqAYyVKM="
    "resolved" "https://ab-inbev.pkgs.visualstudio.com/GHQ_B2B_Delta/_packaging/admin-portal-shared-services/npm/registry/pg-types/-/pg-types-2.2.0.tgz"
    "version" "2.2.0"
    dependencies:
      "pg-int8" "1.0.1"
      "postgres-array" "~2.0.0"
      "postgres-bytea" "~1.0.0"
      "postgres-date" "~1.0.4"
      "postgres-interval" "^1.1.0"
  
  "pg@^8.8.0", "pg@>=8.0":
    "integrity" "sha512-UXYN0ziKj+AeNNP7VDMwrehpACThH7LUl/p8TDFpEUuSejCUIwGSfxpHsPvtM6/WXFy6SU4E5RG4IJV/TZAGjw=="
    "resolved" "https://registry.npmjs.org/pg/-/pg-8.8.0.tgz"
    "version" "8.8.0"
    dependencies:
      "buffer-writer" "2.0.0"
      "packet-reader" "1.0.0"
      "pg-connection-string" "^2.5.0"
      "pg-pool" "^3.5.2"
      "pg-protocol" "^1.5.0"
      "pg-types" "^2.1.0"
      "pgpass" "1.x"
  
  "pgpass@1.x":
    "integrity" "sha1-m4c+SlZLsQ+np9vVUxJyjUIqIj0="
    "resolved" "https://ab-inbev.pkgs.visualstudio.com/GHQ_B2B_Delta/_packaging/admin-portal-shared-services/npm/registry/pgpass/-/pgpass-1.0.5.tgz"
    "version" "1.0.5"
    dependencies:
      "split2" "^4.1.0"
  
  "picomatch@^2.0.4", "picomatch@^2.2.1":
    "integrity" "sha1-O6ODNzNkbZ0+SZWUbBNlpn+wekI="
    "resolved" "https://ab-inbev.pkgs.visualstudio.com/GHQ_B2B_Delta/_packaging/admin-portal-shared-services/npm/registry/picomatch/-/picomatch-2.3.1.tgz"
    "version" "2.3.1"
  
  "postgres-array@~2.0.0":
    "integrity" "sha1-SPj84FT7xpZxmZMpuINLdyZS2C4="
    "resolved" "https://ab-inbev.pkgs.visualstudio.com/GHQ_B2B_Delta/_packaging/admin-portal-shared-services/npm/registry/postgres-array/-/postgres-array-2.0.0.tgz"
    "version" "2.0.0"
  
  "postgres-bytea@~1.0.0":
    "integrity" "sha1-AntTPAqokOJtFy1Hz5zOzFIazTU="
    "resolved" "https://ab-inbev.pkgs.visualstudio.com/GHQ_B2B_Delta/_packaging/admin-portal-shared-services/npm/registry/postgres-bytea/-/postgres-bytea-1.0.0.tgz"
    "version" "1.0.0"
  
  "postgres-date@~1.0.4":
    "integrity" "sha1-UbwIYAYAXlBhxZHO5yfyUxv2Qag="
    "resolved" "https://ab-inbev.pkgs.visualstudio.com/GHQ_B2B_Delta/_packaging/admin-portal-shared-services/npm/registry/postgres-date/-/postgres-date-1.0.7.tgz"
    "version" "1.0.7"
  
  "postgres-interval@^1.1.0":
    "integrity" "sha1-tGDILLFYdQd4iBmgaqD//bNURpU="
    "resolved" "https://ab-inbev.pkgs.visualstudio.com/GHQ_B2B_Delta/_packaging/admin-portal-shared-services/npm/registry/postgres-interval/-/postgres-interval-1.2.0.tgz"
    "version" "1.2.0"
    dependencies:
      "xtend" "^4.0.0"
  
  "promise@^6.0.1":
    "integrity" "sha1-LOcp9rlLRcJoka0GAsXJDgTG7vY="
    "resolved" "https://ab-inbev.pkgs.visualstudio.com/GHQ_B2B_Delta/_packaging/admin-portal-shared-services/npm/registry/promise/-/promise-6.1.0.tgz"
    "version" "6.1.0"
    dependencies:
      "asap" "~1.0.0"
  
  "promise@~2.0":
    "integrity" "sha1-RmSKqdYFr10ucMMCS/WUNtoCuA4="
    "resolved" "https://ab-inbev.pkgs.visualstudio.com/GHQ_B2B_Delta/_packaging/admin-portal-shared-services/npm/registry/promise/-/promise-2.0.0.tgz"
    "version" "2.0.0"
    dependencies:
      "is-promise" "~1"
  
  "proxy-addr@~2.0.4":
    "integrity" "sha1-8Z/mnOqzEe65S0LnDowgcPm6ECU="
    "resolved" "https://ab-inbev.pkgs.visualstudio.com/GHQ_B2B_Delta/_packaging/admin-portal-shared-services/npm/registry/proxy-addr/-/proxy-addr-2.0.7.tgz"
    "version" "2.0.7"
    dependencies:
      "forwarded" "0.2.0"
      "ipaddr.js" "1.9.1"
  
  "pstree.remy@^1.1.8":
    "integrity" "sha1-wkIiT0pnwh9oaDm720rCgrg3PTo="
    "resolved" "https://ab-inbev.pkgs.visualstudio.com/GHQ_B2B_Delta/_packaging/admin-portal-shared-services/npm/registry/pstree.remy/-/pstree.remy-1.1.8.tgz"
    "version" "1.1.8"
  
  "qs@6.5.2":
    "integrity" "sha1-yzroBuh0BERYTvFUzo7pjUA/PjY="
    "resolved" "https://ab-inbev.pkgs.visualstudio.com/GHQ_B2B_Delta/_packaging/admin-portal-shared-services/npm/registry/qs/-/qs-6.5.2.tgz"
    "version" "6.5.2"
  
  "range-parser@~1.2.0":
    "integrity" "sha1-PPNwI9GZ4cJNGlW4SADC8+ZGgDE="
    "resolved" "https://ab-inbev.pkgs.visualstudio.com/GHQ_B2B_Delta/_packaging/admin-portal-shared-services/npm/registry/range-parser/-/range-parser-1.2.1.tgz"
    "version" "1.2.1"
  
  "raw-body@2.3.3":
    "integrity" "sha1-GzJOzmtXBuFThVvBFIxlu39uoMM="
    "resolved" "https://ab-inbev.pkgs.visualstudio.com/GHQ_B2B_Delta/_packaging/admin-portal-shared-services/npm/registry/raw-body/-/raw-body-2.3.3.tgz"
    "version" "2.3.3"
    dependencies:
      "bytes" "3.0.0"
      "http-errors" "1.6.3"
      "iconv-lite" "0.4.23"
      "unpipe" "1.0.0"
  
  "readable-stream@^3.6.0":
    "integrity" "sha1-M3u9o63AcGvT4CRCaihtS0sskZg="
    "resolved" "https://ab-inbev.pkgs.visualstudio.com/GHQ_B2B_Delta/_packaging/admin-portal-shared-services/npm/registry/readable-stream/-/readable-stream-3.6.0.tgz"
    "version" "3.6.0"
    dependencies:
      "inherits" "^2.0.3"
      "string_decoder" "^1.1.1"
      "util-deprecate" "^1.0.1"
  
  "readdirp@~3.6.0":
    "integrity" "sha1-dKNwvYVxFuJFspzJc0DNQxoCpsc="
    "resolved" "https://ab-inbev.pkgs.visualstudio.com/GHQ_B2B_Delta/_packaging/admin-portal-shared-services/npm/registry/readdirp/-/readdirp-3.6.0.tgz"
    "version" "3.6.0"
    dependencies:
      "picomatch" "^2.2.1"
  
  "repeat-string@^1.5.2":
    "integrity" "sha1-jcrkcOHIirwtYA//Sndihtp15jc="
    "resolved" "https://ab-inbev.pkgs.visualstudio.com/GHQ_B2B_Delta/_packaging/admin-portal-shared-services/npm/registry/repeat-string/-/repeat-string-1.6.1.tgz"
    "version" "1.6.1"
  
  "right-align@^0.1.1":
    "integrity" "sha1-YTObci/mo1FWiSENJOFMlhSGE+8="
    "resolved" "https://ab-inbev.pkgs.visualstudio.com/GHQ_B2B_Delta/_packaging/admin-portal-shared-services/npm/registry/right-align/-/right-align-0.1.3.tgz"
    "version" "0.1.3"
    dependencies:
      "align-text" "^0.1.1"
  
  "rimraf@^3.0.2":
    "integrity" "sha1-8aVAK6YiCtUswSgrrBrjqkn9Bho="
    "resolved" "https://ab-inbev.pkgs.visualstudio.com/GHQ_B2B_Delta/_packaging/admin-portal-shared-services/npm/registry/rimraf/-/rimraf-3.0.2.tgz"
    "version" "3.0.2"
    dependencies:
      "glob" "^7.1.3"
  
  "safe-buffer@~5.2.0":
    "integrity" "sha1-Hq+fqb2x/dTsdfWPnNtOa3gn7sY="
    "resolved" "https://ab-inbev.pkgs.visualstudio.com/GHQ_B2B_Delta/_packaging/admin-portal-shared-services/npm/registry/safe-buffer/-/safe-buffer-5.2.1.tgz"
    "version" "5.2.1"
  
  "safe-buffer@5.1.2":
    "integrity" "sha1-mR7GnSluAxN0fVm9/St0XDX4go0="
    "resolved" "https://ab-inbev.pkgs.visualstudio.com/GHQ_B2B_Delta/_packaging/admin-portal-shared-services/npm/registry/safe-buffer/-/safe-buffer-5.1.2.tgz"
    "version" "5.1.2"
  
  "safer-buffer@>= 2.1.2 < 3":
    "integrity" "sha1-RPoWGwGHuVSd2Eu5GAL5vYOFzWo="
    "resolved" "https://ab-inbev.pkgs.visualstudio.com/GHQ_B2B_Delta/_packaging/admin-portal-shared-services/npm/registry/safer-buffer/-/safer-buffer-2.1.2.tgz"
    "version" "2.1.2"
  
  "semver@^5.7.1":
    "integrity" "sha1-qVT5Ma66UI0we78Gnv8MAclhFvc="
    "resolved" "https://ab-inbev.pkgs.visualstudio.com/GHQ_B2B_Delta/_packaging/admin-portal-shared-services/npm/registry/semver/-/semver-5.7.1.tgz"
    "version" "5.7.1"
  
  "semver@^6.0.0":
    "integrity" "sha1-7gpkyK9ejO6mdoexM3YeG+y9HT0="
    "resolved" "https://ab-inbev.pkgs.visualstudio.com/GHQ_B2B_Delta/_packaging/admin-portal-shared-services/npm/registry/semver/-/semver-6.3.0.tgz"
    "version" "6.3.0"
  
  "semver@^7.3.5":
    "integrity" "sha1-B6eP6vs/ezI0fXJeM95+Ki32d5g="
    "resolved" "https://ab-inbev.pkgs.visualstudio.com/GHQ_B2B_Delta/_packaging/admin-portal-shared-services/npm/registry/semver/-/semver-7.3.8.tgz"
    "version" "7.3.8"
    dependencies:
      "lru-cache" "^6.0.0"
  
  "semver@~7.0.0":
    "integrity" "sha1-XzyjV2HkfgWyBsba/yz4FPAxa44="
    "resolved" "https://ab-inbev.pkgs.visualstudio.com/GHQ_B2B_Delta/_packaging/admin-portal-shared-services/npm/registry/semver/-/semver-7.0.0.tgz"
    "version" "7.0.0"
  
  "send@0.16.2":
    "integrity" "sha1-bsyh4PjBVtFBWXVZhI32RzCmu8E="
    "resolved" "https://ab-inbev.pkgs.visualstudio.com/GHQ_B2B_Delta/_packaging/admin-portal-shared-services/npm/registry/send/-/send-0.16.2.tgz"
    "version" "0.16.2"
    dependencies:
      "debug" "2.6.9"
      "depd" "~1.1.2"
      "destroy" "~1.0.4"
      "encodeurl" "~1.0.2"
      "escape-html" "~1.0.3"
      "etag" "~1.8.1"
      "fresh" "0.5.2"
      "http-errors" "~1.6.2"
      "mime" "1.4.1"
      "ms" "2.0.0"
      "on-finished" "~2.3.0"
      "range-parser" "~1.2.0"
      "statuses" "~1.4.0"
  
  "serve-static@1.13.2":
    "integrity" "sha1-CV6Ecv1bRiN9tQzkhqQ/S4bGzsE="
    "resolved" "https://ab-inbev.pkgs.visualstudio.com/GHQ_B2B_Delta/_packaging/admin-portal-shared-services/npm/registry/serve-static/-/serve-static-1.13.2.tgz"
    "version" "1.13.2"
    dependencies:
      "encodeurl" "~1.0.2"
      "escape-html" "~1.0.3"
      "parseurl" "~1.3.2"
      "send" "0.16.2"
  
  "set-blocking@^2.0.0":
    "integrity" "sha1-BF+XgtARrppoA93TgrJDkrPYkPc="
    "resolved" "https://ab-inbev.pkgs.visualstudio.com/GHQ_B2B_Delta/_packaging/admin-portal-shared-services/npm/registry/set-blocking/-/set-blocking-2.0.0.tgz"
    "version" "2.0.0"
  
  "setprototypeof@1.1.0":
    "integrity" "sha1-0L2FU2iHtv58DYGMuWLZ2RxU5lY="
    "resolved" "https://ab-inbev.pkgs.visualstudio.com/GHQ_B2B_Delta/_packaging/admin-portal-shared-services/npm/registry/setprototypeof/-/setprototypeof-1.1.0.tgz"
    "version" "1.1.0"
  
  "signal-exit@^3.0.0":
    "integrity" "sha1-qaF2f4r4QVURTqq9c/mSc8j1mtk="
    "resolved" "https://ab-inbev.pkgs.visualstudio.com/GHQ_B2B_Delta/_packaging/admin-portal-shared-services/npm/registry/signal-exit/-/signal-exit-3.0.7.tgz"
    "version" "3.0.7"
  
  "simple-update-notifier@^1.0.7":
    "integrity" "sha1-Z2lMEh3jVK9ZKzR826eYRj7UnII="
    "resolved" "https://ab-inbev.pkgs.visualstudio.com/GHQ_B2B_Delta/_packaging/admin-portal-shared-services/npm/registry/simple-update-notifier/-/simple-update-notifier-1.1.0.tgz"
    "version" "1.1.0"
    dependencies:
      "semver" "~7.0.0"
  
  "source-map@~0.1.7":
    "integrity" "sha1-wkvBRspRfBRx9drL4lcbK3+eM0Y="
    "resolved" "https://ab-inbev.pkgs.visualstudio.com/GHQ_B2B_Delta/_packaging/admin-portal-shared-services/npm/registry/source-map/-/source-map-0.1.43.tgz"
    "version" "0.1.43"
    dependencies:
      "amdefine" ">=0.0.4"
  
  "source-map@~0.5.1":
    "integrity" "sha1-igOdLRAh0i0eoUyA2OpGi6LvP8w="
    "resolved" "https://ab-inbev.pkgs.visualstudio.com/GHQ_B2B_Delta/_packaging/admin-portal-shared-services/npm/registry/source-map/-/source-map-0.5.7.tgz"
    "version" "0.5.7"
  
  "source-map@0.4.x":
    "integrity" "sha1-66T12pwNyZneaAMti092FzZSA2s="
    "resolved" "https://ab-inbev.pkgs.visualstudio.com/GHQ_B2B_Delta/_packaging/admin-portal-shared-services/npm/registry/source-map/-/source-map-0.4.4.tgz"
    "version" "0.4.4"
    dependencies:
      "amdefine" ">=0.0.4"
  
  "split2@^4.1.0":
    "integrity" "sha1-EBkHokNw+Fu3gvCK2qvk4oHs+Ak="
    "resolved" "https://ab-inbev.pkgs.visualstudio.com/GHQ_B2B_Delta/_packaging/admin-portal-shared-services/npm/registry/split2/-/split2-4.1.0.tgz"
    "version" "4.1.0"
  
  "statuses@>= 1.4.0 < 2":
    "integrity" "sha1-Fhx9rBd2Wf2YEfQ3cfqZOBR4Yow="
    "resolved" "https://ab-inbev.pkgs.visualstudio.com/GHQ_B2B_Delta/_packaging/admin-portal-shared-services/npm/registry/statuses/-/statuses-1.5.0.tgz"
    "version" "1.5.0"
  
  "statuses@~1.4.0":
    "integrity" "sha1-u3PURtonlhBu/MG2AaJT1sRr0Ic="
    "resolved" "https://ab-inbev.pkgs.visualstudio.com/GHQ_B2B_Delta/_packaging/admin-portal-shared-services/npm/registry/statuses/-/statuses-1.4.0.tgz"
    "version" "1.4.0"
  
  "string_decoder@^1.1.1":
    "integrity" "sha1-QvEUWUpGzxqOMLCoT1bHjD7awh4="
    "resolved" "https://ab-inbev.pkgs.visualstudio.com/GHQ_B2B_Delta/_packaging/admin-portal-shared-services/npm/registry/string_decoder/-/string_decoder-1.3.0.tgz"
    "version" "1.3.0"
    dependencies:
      "safe-buffer" "~5.2.0"
  
  "string-width@^1.0.2 || 2 || 3 || 4", "string-width@^4.2.3":
    "integrity" "sha1-JpxxF9J7Ba0uU2gwqOyJXvnG0BA="
    "resolved" "https://ab-inbev.pkgs.visualstudio.com/GHQ_B2B_Delta/_packaging/admin-portal-shared-services/npm/registry/string-width/-/string-width-4.2.3.tgz"
    "version" "4.2.3"
    dependencies:
      "emoji-regex" "^8.0.0"
      "is-fullwidth-code-point" "^3.0.0"
      "strip-ansi" "^6.0.1"
  
  "strip-ansi@^6.0.1":
    "integrity" "sha1-nibGPTD1NEPpSJSVshBdN7Z6hdk="
    "resolved" "https://ab-inbev.pkgs.visualstudio.com/GHQ_B2B_Delta/_packaging/admin-portal-shared-services/npm/registry/strip-ansi/-/strip-ansi-6.0.1.tgz"
    "version" "6.0.1"
    dependencies:
      "ansi-regex" "^5.0.1"
  
  "supports-color@^5.5.0":
    "integrity" "sha1-4uaaRKyHcveKHsCzW2id9lMO/I8="
    "resolved" "https://ab-inbev.pkgs.visualstudio.com/GHQ_B2B_Delta/_packaging/admin-portal-shared-services/npm/registry/supports-color/-/supports-color-5.5.0.tgz"
    "version" "5.5.0"
    dependencies:
      "has-flag" "^3.0.0"
  
  "tar@^6.1.11":
    "integrity" "sha1-RuIlKQAPYSGAYBpv4GgOfaUIhHs="
    "resolved" "https://ab-inbev.pkgs.visualstudio.com/GHQ_B2B_Delta/_packaging/admin-portal-shared-services/npm/registry/tar/-/tar-6.1.13.tgz"
    "version" "6.1.13"
    dependencies:
      "chownr" "^2.0.0"
      "fs-minipass" "^2.0.0"
      "minipass" "^4.0.0"
      "minizlib" "^2.1.1"
      "mkdirp" "^1.0.3"
      "yallist" "^4.0.0"
  
  "to-regex-range@^5.0.1":
    "integrity" "sha1-FkjESq58jZiKMmAY7XL1tN0DkuQ="
    "resolved" "https://ab-inbev.pkgs.visualstudio.com/GHQ_B2B_Delta/_packaging/admin-portal-shared-services/npm/registry/to-regex-range/-/to-regex-range-5.0.1.tgz"
    "version" "5.0.1"
    dependencies:
      "is-number" "^7.0.0"
  
  "touch@^3.1.0":
    "integrity" "sha1-/jZfX3XsntTlaCXgu3bSSrdK+Ds="
    "resolved" "https://ab-inbev.pkgs.visualstudio.com/GHQ_B2B_Delta/_packaging/admin-portal-shared-services/npm/registry/touch/-/touch-3.1.0.tgz"
    "version" "3.1.0"
    dependencies:
      "nopt" "~1.0.10"
  
  "tr46@~0.0.3":
    "integrity" "sha1-gYT9NH2snNwYWZLzpmIuFLnZq2o="
    "resolved" "https://ab-inbev.pkgs.visualstudio.com/GHQ_B2B_Delta/_packaging/admin-portal-shared-services/npm/registry/tr46/-/tr46-0.0.3.tgz"
    "version" "0.0.3"
  
  "transformers@2.1.0":
    "integrity" "sha1-XSPLNVYd2F3Gf7hIIwm0fVPM6ac="
    "resolved" "https://ab-inbev.pkgs.visualstudio.com/GHQ_B2B_Delta/_packaging/admin-portal-shared-services/npm/registry/transformers/-/transformers-2.1.0.tgz"
    "version" "2.1.0"
    dependencies:
      "css" "~1.0.8"
      "promise" "~2.0"
      "uglify-js" "~2.2.5"
  
  "ts-node@^10.9.1":
    "integrity" "sha1-5z3pEClYr54fCxaKb/Mg4lrc/0s="
    "resolved" "https://ab-inbev.pkgs.visualstudio.com/GHQ_B2B_Delta/_packaging/admin-portal-shared-services/npm/registry/ts-node/-/ts-node-10.9.1.tgz"
    "version" "10.9.1"
    dependencies:
      "@cspotcode/source-map-support" "^0.8.0"
      "@tsconfig/node10" "^1.0.7"
      "@tsconfig/node12" "^1.0.7"
      "@tsconfig/node14" "^1.0.0"
      "@tsconfig/node16" "^1.0.2"
      "acorn" "^8.4.1"
      "acorn-walk" "^8.1.1"
      "arg" "^4.1.0"
      "create-require" "^1.1.0"
      "diff" "^4.0.1"
      "make-error" "^1.1.1"
      "v8-compile-cache-lib" "^3.0.1"
      "yn" "3.1.1"
  
  "type-is@~1.6.16":
    "integrity" "sha1-TlUs0F3wlGfcvE73Od6J8s83wTE="
    "resolved" "https://ab-inbev.pkgs.visualstudio.com/GHQ_B2B_Delta/_packaging/admin-portal-shared-services/npm/registry/type-is/-/type-is-1.6.18.tgz"
    "version" "1.6.18"
    dependencies:
      "media-typer" "0.3.0"
      "mime-types" "~2.1.24"
  
  "typescript@^4.9.4", "typescript@>=2.7":
    "integrity" "sha1-oqPSdWwHmr2iQddfFJ351WEJHng="
    "resolved" "https://ab-inbev.pkgs.visualstudio.com/GHQ_B2B_Delta/_packaging/admin-portal-shared-services/npm/registry/typescript/-/typescript-4.9.4.tgz"
    "version" "4.9.4"
  
  "uglify-js@^2.4.19":
    "integrity" "sha1-KcVzMUgFe7Th913zW3qcty5qWd0="
    "resolved" "https://ab-inbev.pkgs.visualstudio.com/GHQ_B2B_Delta/_packaging/admin-portal-shared-services/npm/registry/uglify-js/-/uglify-js-2.8.29.tgz"
    "version" "2.8.29"
    dependencies:
      "source-map" "~0.5.1"
      "yargs" "~3.10.0"
    optionalDependencies:
      "uglify-to-browserify" "~1.0.0"
  
  "uglify-js@~2.2.5":
    "integrity" "sha1-puAqcNg5eSuXgEiLe4sYTAlcmcc="
    "resolved" "https://ab-inbev.pkgs.visualstudio.com/GHQ_B2B_Delta/_packaging/admin-portal-shared-services/npm/registry/uglify-js/-/uglify-js-2.2.5.tgz"
    "version" "2.2.5"
    dependencies:
      "optimist" "~0.3.5"
      "source-map" "~0.1.7"
  
  "uglify-to-browserify@~1.0.0":
    "integrity" "sha1-bgkk1r2mta/jSeOabWMoUKD4grc="
    "resolved" "https://ab-inbev.pkgs.visualstudio.com/GHQ_B2B_Delta/_packaging/admin-portal-shared-services/npm/registry/uglify-to-browserify/-/uglify-to-browserify-1.0.2.tgz"
    "version" "1.0.2"
  
  "undefsafe@^2.0.5":
    "integrity" "sha1-OHM7kye9zSJtuIn7cjpu/RYubiw="
    "resolved" "https://ab-inbev.pkgs.visualstudio.com/GHQ_B2B_Delta/_packaging/admin-portal-shared-services/npm/registry/undefsafe/-/undefsafe-2.0.5.tgz"
    "version" "2.0.5"
  
  "unpipe@~1.0.0", "unpipe@1.0.0":
    "integrity" "sha1-sr9O6FFKrmFltIF4KdIbLvSZBOw="
    "resolved" "https://ab-inbev.pkgs.visualstudio.com/GHQ_B2B_Delta/_packaging/admin-portal-shared-services/npm/registry/unpipe/-/unpipe-1.0.0.tgz"
    "version" "1.0.0"
  
  "util-deprecate@^1.0.1":
    "integrity" "sha1-RQ1Nyfpw3nMnYvvS1KKJgUGaDM8="
    "resolved" "https://ab-inbev.pkgs.visualstudio.com/GHQ_B2B_Delta/_packaging/admin-portal-shared-services/npm/registry/util-deprecate/-/util-deprecate-1.0.2.tgz"
    "version" "1.0.2"
  
  "utils-merge@1.0.1":
    "integrity" "sha1-n5VxD1CiZ5R7LMwSR0HBAoQn5xM="
    "resolved" "https://ab-inbev.pkgs.visualstudio.com/GHQ_B2B_Delta/_packaging/admin-portal-shared-services/npm/registry/utils-merge/-/utils-merge-1.0.1.tgz"
    "version" "1.0.1"
  
  "v8-compile-cache-lib@^3.0.1":
    "integrity" "sha1-Yzbo1xllyz01obu3hoRFp8BSZL8="
    "resolved" "https://ab-inbev.pkgs.visualstudio.com/GHQ_B2B_Delta/_packaging/admin-portal-shared-services/npm/registry/v8-compile-cache-lib/-/v8-compile-cache-lib-3.0.1.tgz"
    "version" "3.0.1"
  
  "vary@~1.1.2":
    "integrity" "sha1-IpnwLG3tMNSllhsLn3RSShj2NPw="
    "resolved" "https://ab-inbev.pkgs.visualstudio.com/GHQ_B2B_Delta/_packaging/admin-portal-shared-services/npm/registry/vary/-/vary-1.1.2.tgz"
    "version" "1.1.2"
  
  "void-elements@~2.0.1":
    "integrity" "sha1-wGavtYK7HLQSjWDqkjkulNXp2+w="
    "resolved" "https://ab-inbev.pkgs.visualstudio.com/GHQ_B2B_Delta/_packaging/admin-portal-shared-services/npm/registry/void-elements/-/void-elements-2.0.1.tgz"
    "version" "2.0.1"
  
  "webidl-conversions@^3.0.0":
    "integrity" "sha1-JFNCdeKnvGvnvIZhHMFq4KVlSHE="
    "resolved" "https://ab-inbev.pkgs.visualstudio.com/GHQ_B2B_Delta/_packaging/admin-portal-shared-services/npm/registry/webidl-conversions/-/webidl-conversions-3.0.1.tgz"
    "version" "3.0.1"
  
  "whatwg-url@^5.0.0":
    "integrity" "sha1-lmRU6HZUYuN2RNNib2dCzotwll0="
    "resolved" "https://ab-inbev.pkgs.visualstudio.com/GHQ_B2B_Delta/_packaging/admin-portal-shared-services/npm/registry/whatwg-url/-/whatwg-url-5.0.0.tgz"
    "version" "5.0.0"
    dependencies:
      "tr46" "~0.0.3"
      "webidl-conversions" "^3.0.0"
  
  "wide-align@^1.1.2":
    "integrity" "sha1-3x1MIGhUNp7PPJpImPGyP72dFdM="
    "resolved" "https://ab-inbev.pkgs.visualstudio.com/GHQ_B2B_Delta/_packaging/admin-portal-shared-services/npm/registry/wide-align/-/wide-align-1.1.5.tgz"
    "version" "1.1.5"
    dependencies:
      "string-width" "^1.0.2 || 2 || 3 || 4"
  
  "window-size@0.1.0":
    "integrity" "sha1-VDjNLqk7IC76Ohn+iIeu58lPnJ0="
    "resolved" "https://ab-inbev.pkgs.visualstudio.com/GHQ_B2B_Delta/_packaging/admin-portal-shared-services/npm/registry/window-size/-/window-size-0.1.0.tgz"
    "version" "0.1.0"
  
  "with@~4.0.0":
    "integrity" "sha1-7v0VTp550sjTQXtkeo8U2f7M4U4="
    "resolved" "https://ab-inbev.pkgs.visualstudio.com/GHQ_B2B_Delta/_packaging/admin-portal-shared-services/npm/registry/with/-/with-4.0.3.tgz"
    "version" "4.0.3"
    dependencies:
      "acorn" "^1.0.1"
      "acorn-globals" "^1.0.3"
  
  "wordwrap@~0.0.2":
    "integrity" "sha1-o9XabNXAvAAI03I0u68b7WMFkQc="
    "resolved" "https://ab-inbev.pkgs.visualstudio.com/GHQ_B2B_Delta/_packaging/admin-portal-shared-services/npm/registry/wordwrap/-/wordwrap-0.0.3.tgz"
    "version" "0.0.3"
  
  "wordwrap@0.0.2":
    "integrity" "sha1-t5Zpu0LstAn4PVg8rVLKF+qhZD8="
    "resolved" "https://ab-inbev.pkgs.visualstudio.com/GHQ_B2B_Delta/_packaging/admin-portal-shared-services/npm/registry/wordwrap/-/wordwrap-0.0.2.tgz"
    "version" "0.0.2"
  
  "wrappy@1":
    "integrity" "sha1-tSQ9jz7BqjXxNkYFvA0QNuMKtp8="
    "resolved" "https://ab-inbev.pkgs.visualstudio.com/GHQ_B2B_Delta/_packaging/admin-portal-shared-services/npm/registry/wrappy/-/wrappy-1.0.2.tgz"
    "version" "1.0.2"
  
  "xtend@^4.0.0":
    "integrity" "sha1-u3J3n1+kZRhrH0OPZ0+jR/2121Q="
    "resolved" "https://ab-inbev.pkgs.visualstudio.com/GHQ_B2B_Delta/_packaging/admin-portal-shared-services/npm/registry/xtend/-/xtend-4.0.2.tgz"
    "version" "4.0.2"
  
  "yallist@^4.0.0":
    "integrity" "sha1-m7knkNnA7/7GO+c1GeEaNQGaOnI="
    "resolved" "https://ab-inbev.pkgs.visualstudio.com/GHQ_B2B_Delta/_packaging/admin-portal-shared-services/npm/registry/yallist/-/yallist-4.0.0.tgz"
    "version" "4.0.0"
  
  "yargs@~3.10.0":
    "integrity" "sha1-9+572FfdfB0tOMDnTvvWgdFDH9E="
    "resolved" "https://ab-inbev.pkgs.visualstudio.com/GHQ_B2B_Delta/_packaging/admin-portal-shared-services/npm/registry/yargs/-/yargs-3.10.0.tgz"
    "version" "3.10.0"
    dependencies:
      "camelcase" "^1.0.2"
      "cliui" "^2.1.0"
      "decamelize" "^1.0.0"
      "window-size" "0.1.0"
  
  "yn@3.1.1":
    "integrity" "sha1-HodAGgnXZ8HV6rJqbkwYUYLS61A="
    "resolved" "https://ab-inbev.pkgs.visualstudio.com/GHQ_B2B_Delta/_packaging/admin-portal-shared-services/npm/registry/yn/-/yn-3.1.1.tgz"
    "version" "3.1.1"
